    1  ping 172.20.25.9
    2  passwd
    3  ssh ~
    4  wget www.github.com
    5  insights-client --register
    6  sudo insights-client --register
    7  ls
    8  mkdir cs131
    9  ls
   10  cd cs131
   11  mkdir ws1
   12  ls
   13  cd ~
   14  cd cs131
   15  git init
   16  ls
   17  git status
   18  history > cmds.log
   19  ls 
   20  git add cmds.log
   21  git checkout -b <new>
   22  git checkout
   23  git checkout -b addFile
   24  git remote add origin git@github.com:EddieNguyen2012/cs131.git
   25  git branch -M main
   26  git push -u origin main
   27  git remote add origin git@github.com:EddieNguyen2012/cs131.git
   28  git push -u origin master
   29  ls
   30  git status
   31  git push -u origin main
   32  git branch -M main
   33  git push -u origin main
   34  git commit -m "wget log"
   35  git config --global user.email "tuong.m.nguyen@sjsu.edu"
   36  git commit -m "wget log"
   37  git config user.email "tuong.m.nguyen@sjsu.edu"
   38  git commit -m "wget log"
   39  git config user.name "Manh Tuong Nguyen"
   40  git commit -m "wget log"
   41  git branch
   42  git checkout log-added
   43  git checkout log
   44  git checkout -b log-added
   45  git remote add origin git@github.com:EddieNguyen2012/cs131.git
   46  git push -u origin main
   47  git status
   48  git branch main
   49  git checkout main
   50  git status
   51  ls
   52  mv cmds.log "cs131/ws1/"
   53  mv cmds.log "ws1"
   54  ls
   55  cd ws1
   56  ls
   57  git status
   58  cat cmds.log
   59  git add cmds.log
   60  git commit -m "log added"
   61  git branch -M main
   62  git remote add origin git@github.com:EddieNguyen2012/cs131.git
   63  git push -u origin main
   64  ls -al ~/.ssh
   65  git push -u origin main
   66  git status
   67  git branch
   68  git checkout log-added
   69  git status
   70  git add cmds.log
   71  cd cs131
   72  cd ~/cs131
   73  git status
   74  cd ~
   75  rm cs131
   76  rm -r cs131
   77  y
   78  ls
   79  rmdir cs131
   80  rm -r cs131
   81  y
   82  ls
   83  rm index.html
   84  ls
   85  wget www.github.com
   86  mkdir cs131
   87  cd cs131
   88  git init
   89  mkdir ws1
   90  history > cmds.log
   91  cat cmds.log
   92  git status
   93  git add cmds.log
   94  git commit -m "log added"
   95  git config
   96  git config --get
   97  git config user.name
   98  git config user.email
   99  git config --global "Manh Nguyen"
  100  git config --global user.name "Manh Nguyen"
  101  git config user.name
  102  git commit -m "log added"
  103  git checkout -b addLog
  104  git remote add origin https://github.com/EddieNguyen2012/cs131.git
  105  git push -u origin main
  106  git status
  107  git push -u origin addLog
  108  git checkout main
  109  git branch
  110  git checkout master
  111  git status
  112  git checkout -b addLog
  113  git checkout addLog
  114  git status
  115  git add cmds.log
  116  git commit -m "add log"
  117  git status
  118  ls
  119  git add cmds.log
  120  git status
  121  git reset
  122  git add cmds.log
  123  git status
  124  git reset
  125  git sttaus
  126  git status
  127  git restore -S
  128  git restore -S .
  129  git status
  130  ls
  131  git rm --cached cmds.log
  132  git status
  133  git add cmds.log
  134  git status
  135  git rm --cached cmds.log
  136  git commit -m "remove log"
  137  git add cmds.log
  138  git commit -m "add log"
  139  git remote add origin https://github.com/EddieNguyen2012/cs131.git
  140  git branch -M main
  141  git push -u origin main
  142  git add ws1
  143  git status
  144  mv cmds.log "~/cs131/ws1"
  145  mv cmds.log "ws1"
  146  git add ws1
  147  git status
  148  git commit -m "add log to directory"
  149  git push -u origin main 
  150  ls
  151  git status
  152  git branch
  153  git checkout -b "add-file"
  154  git push origin add-file
  155  cd cs131
  156  git status
  157  git checkout main
  158  git status
  159  cd ~
  160  rm -r cs1331
  161  rm -r cs131
  162  ls
  163  mkdir cs131
  164  git init
  165  mkdir ws1
  166  cd ws1
  167  history > cmds.log
  168  cd cs131
  169  cd ~/cs131
  170  git status
  171  git add ws1/cmds.log
  172  git add ~/cs131/ws1/cmds.log
  173  ls
  174  cd ~
  175  ls
  176  mv ws1 cs131
  177  cd cs131
  178  git add ~/cs131/ws1/cmds.log
  179  git commit -m "add file"
  180  git reset 
  181  git status
  182  git remote add origin https://github.com/EddieNguyen2012/cs131.git
  183  git push -u origin master
  184  cd ~
  185  rm -r cs131
  186  ls
  187  wget www.github.com
  188  mkdir cs131
  189  cd cs131
  190  mkdir ws1
  191  ls
  192  git init
  193  git commit -m "first commit"
  194  git remote add origin https://github.com/EddieNguyen2012/cs131.git
  195  git branch -M main
  196  git push -u origin main
  197  git push -u origin master
  198  git status
  199  git commit -m "first commit"
  200  history > cmds.log
