    1  ping 172.20.25.9
    2  passwd
    3  ssh ~
    4  wget www.github.com
    5  insights-client --register
    6  sudo insights-client --register
    7  ls
    8  mkdir cs131
    9  ls
   10  cd cs131
   11  mkdir ws1
   12  ls
   13  cd ~
   14  cd cs131
   15  git init
   16  ls
   17  git status
   18  history > cmds.log
   19  ls 
   20  git add cmds.log
   21  git checkout -b <new>
   22  git checkout
   23  git checkout -b addFile
   24  git remote add origin git@github.com:EddieNguyen2012/cs131.git
   25  git branch -M main
   26  git push -u origin main
   27  git remote add origin git@github.com:EddieNguyen2012/cs131.git
   28  git push -u origin master
   29  ls
   30  git status
   31  git push -u origin main
   32  git branch -M main
   33  git push -u origin main
   34  git commit -m "wget log"
   35  git config --global user.email "tuong.m.nguyen@sjsu.edu"
   36  git commit -m "wget log"
   37  git config user.email "tuong.m.nguyen@sjsu.edu"
   38  git commit -m "wget log"
   39  git config user.name "Manh Tuong Nguyen"
   40  git commit -m "wget log"
   41  git branch
   42  git checkout log-added
   43  git checkout log
   44  git checkout -b log-added
   45  git remote add origin git@github.com:EddieNguyen2012/cs131.git
   46  git push -u origin main
   47  git status
   48  git branch main
   49  git checkout main
   50  git status
   51  ls
   52  mv cmds.log "cs131/ws1/"
   53  mv cmds.log "ws1"
   54  ls
   55  cd ws1
   56  ls
   57  git status
   58  cat cmds.log
   59  git add cmds.log
   60  git commit -m "log added"
   61  git branch -M main
   62  git remote add origin git@github.com:EddieNguyen2012/cs131.git
   63  git push -u origin main
   64  ls -al ~/.ssh
   65  git push -u origin main
   66  git status
   67  git branch
   68  git checkout log-added
   69  git status
   70  git add cmds.log
   71  cd cs131
   72  cd ~/cs131
   73  git status
   74  cd ~
   75  rm cs131
   76  rm -r cs131
   77  y
   78  ls
   79  rmdir cs131
   80  rm -r cs131
   81  y
   82  ls
   83  rm index.html
   84  ls
   85  wget www.github.com
   86  mkdir cs131
   87  cd cs131
   88  git init
   89  mkdir ws1
   90  history > cmds.log
   91  cat cmds.log
   92  git status
   93  git add cmds.log
   94  git commit -m "log added"
   95  git config
   96  git config --get
   97  git config user.name
   98  git config user.email
   99  git config --global "Manh Nguyen"
  100  git config --global user.name "Manh Nguyen"
  101  git config user.name
  102  git commit -m "log added"
  103  git checkout -b addLog
  104  git remote add origin https://github.com/EddieNguyen2012/cs131.git
  105  git push -u origin main
  106  git status
  107  git push -u origin addLog
  108  git checkout main
  109  git branch
  110  git checkout master
  111  git status
  112  git checkout -b addLog
  113  git checkout addLog
  114  git status
  115  git add cmds.log
  116  git commit -m "add log"
  117  git status
  118  ls
  119  git add cmds.log
  120  git status
  121  git reset
  122  git add cmds.log
  123  git status
  124  git reset
  125  git sttaus
  126  git status
  127  git restore -S
  128  git restore -S .
  129  git status
  130  ls
  131  git rm --cached cmds.log
  132  git status
  133  git add cmds.log
  134  git status
  135  git rm --cached cmds.log
  136  git commit -m "remove log"
  137  git add cmds.log
  138  git commit -m "add log"
  139  git remote add origin https://github.com/EddieNguyen2012/cs131.git
  140  git branch -M main
  141  git push -u origin main
  142  git add ws1
  143  git status
  144  mv cmds.log "~/cs131/ws1"
  145  mv cmds.log "ws1"
  146  git add ws1
  147  git status
  148  git commit -m "add log to directory"
  149  git push -u origin main 
  150  ls
  151  git status
  152  git branch
  153  git checkout -b "add-file"
  154  git push origin add-file
  155  echo $SHELL
  156  exit
  157  cd cs131
  158  git status
  159  git checkout main
  160  git status
  161  cd ~
  162  rm -r cs1331
  163  rm -r cs131
  164  ls
  165  mkdir cs131
  166  git init
  167  mkdir ws1
  168  cd ws1
  169  history > cmds.log
  170  cd cs131
  171  cd ~/cs131
  172  git status
  173  git add ws1/cmds.log
  174  git add ~/cs131/ws1/cmds.log
  175  ls
  176  cd ~
  177  ls
  178  mv ws1 cs131
  179  cd cs131
  180  git add ~/cs131/ws1/cmds.log
  181  git commit -m "add file"
  182  git reset 
  183  git status
  184  git remote add origin https://github.com/EddieNguyen2012/cs131.git
  185  git push -u origin master
  186  cd ~
  187  rm -r cs131
  188  ls
  189  wget www.github.com
  190  mkdir cs131
  191  cd cs131
  192  mkdir ws1
  193  ls
  194  git init
  195  git commit -m "first commit"
  196  git remote add origin https://github.com/EddieNguyen2012/cs131.git
  197  git branch -M main
  198  git push -u origin main
  199  git push -u origin master
  200  git status
  201  git commit -m "first commit"
  202  history > cmds.log
  203  git add cmds.log
  204  git commit -m "first commit"
  205  git push -u origin main
  206  mv cmds.log ws1
  207  git checkout -b "move file"
  208  git checkout -b "move-file"
  209  git add ws1/cmds.log
  210  git commit -m "move file"
  211  git push -u origin move-file
  212  mkdir test
  213  touch aa.txt
  214  touch cc.txt
  215  touch dk.jav
  216  ls .txt
  217  ls *.txt
  218  ls ?.txt
  219  ls ?a.txt
  220  ls ??.txt
  221  ls b?.txt
  222  ls
  223  rm *.txt
  224  ls
  225  rm *.jav
  226  cd cs131/ws1
  227  less cmds.log
  228  nano cmds.log
  229  vim cmds.log
  230  exit
  231  man history
  232  man tar
  233  touch hellovim.txt
  234  vim hellovim.txt
  235  cp /datasets/taxidata.tar.gz
  236  cp /datasets/taxidata.tar.gz .
  237  ls
  238  tar zvfx taxidata.tar.gz 
  239  ls
  240  cd taxidata/
  241  vim 2019-03.csv
  242  grep "2019-03-12" 2019-03.csv
  243  clear
  244  tail -20 grep 2019-03-12 2019-03.csv > results.txt
  245  grep dropoff 2019-03.csv
  246  vim 2019-03.csv
  247  grep ,"2019-03-12 2019-03.csv
  248  "
  249  ls
  250  cd taxidata
  251  grep ",\"2019-03-12" 2019-03.csv
  252  clear
  253  grep "\",\"2019-03-12" 2019-03.csv
  254  tail -20 grep "\",\"2019-03-12" 2019-03.csv 
  255  grep "\",\"2019-03-12" 2019-03.csv > results.txt
  256  tail -20 results.txt >> results.txt 
  257  rm results.txt
  258  grep "\",\"2019-03-12" 2019-03.csv > results.txt
  259  tail -20 results.txt > results.txt 
  260  vim results.txt
  261  grep "\",\"2019-03-12" 2019-03.csv > results.txt
  262  vim results.txt
  263  tail -n 20 results.txt > results.txt
  264  vim results.txt
  265  grep "\",\"2019-03-12" 2019-03.csv > results.txt
  266  tail -n 20 results.txt
  267  tail -n 20 results.txt > result.txt
  268  vim result.txt
  269  ls
  270  rm results.txt
  271  rm result.txt
  272  tail -n 20 grep "\",\"2019-03-12" 2019-03.csv > results.txt
  273  grep "\",\"2019-03-12" 2019-03.csv
  274  tail -n 20 > results.txt
  275  cd taxidata
  276  grep "\",\"2019-03-12" 2019-03.csv | tail -n 20 > results.txt
  277  cat results.txt
  278  grep "\",\"2019-03-12" 2019-03.csv | wc -l >> results.txt
  279  cat results.txt
  280  history > cmds.log
  281  vim cmds.log
  282  cd~
  283  cd ~
  284  cd cs131
  285  mkdir ws2
  286  cd ws2
  287  cd ~/taxidata
  288  mv *.txt ~/cs131/ws2
  289  cd ~/cs131/ws2
  290  ls
  291  cd ~/taxidata
  292  mv cmds.log ~/cs131/ws2
  293  cd ~/cs131/ws2
  294  ls
  295  git status
  296  git checkout main
  297  git status
  298  git add ~/cs131/ws2
  299  git commit -m "submit ws2"
  300  git push -u main
  301  git remote add origin https://github.com/EddieNguyen2012/cs131.git
  302  git push -u origin main
  303  cd cs131
  304  cd ~/cs131
  305  mv cs131/ws2 ~
  306  mv ws2 ~
  307  cd cs131
  308  git clone https://github.com/EddieNguyen2012/cs131.git
  309  mv ~/ws2 cs131
  310  ls
  311  mv cs131/ws2 .
  312  ls
  313  rm cs131
  314  rm -l cs131
  315  rmdir cs131
  316  rm -r cs131
  317  ls
  318  cd ws2
  319  ls
  320  cd cs131
  321  cd ~/cs131
  322  git status
  323  git branch -M main
  324  git status
  325  git add ws2
  326  git status
  327  git commit -m "submit ws2"
  328  git push -u origin mai
  329  cd ~/taxidata
  330  ls
  331  mv cs131/ws2 ~
  332  mv ~/cs131/ws2 ~
  333  rm -r ~/cs131
  334  cd ~/cs131
  335  cd ~
  336  ls
  337  git clone https://github.com/EddieNguyen2012/cs131.git
  338  ls
  339  cd cs131
  340  mv ~/ws2 .
  341  ls
  342  git status
  343  git add ws2
  344  git commit -m "submit ws2"
  345  git push -u origin main
  346  mkdir a1
  347  cd a1
  348  $HOME > a1.txt
  349  echo $HOME > a1.txt
  350  id >> a1.txt
  351  mkdir temp
  352  chmod man
  353  man chmod
  354  chmod -x
  355  chmod -x temp
  356  cd temp
  357  ls
  358  ls -l
  359  touch random.txt temp
  360  cd temp
  361  chmod +x temp
  362  cd temp
  363  chmod -x temp
  364  chmod -x .
  365  cd ~
  366  cd temp
  367  sudo cd temp
  368  chmod +x a1/temp
  369  cd temp
  370  cd a1/temp
  371  chmod -x .
  372  ls
  373  cd ~/a1
  374  chmod +x
  375  chmod +x temp
  376  chmod -x temp
  377  cd temp
  378  ls temp
  379  ls
  380  touch test.txt temp
  381  ls
  382  touch temp/test.txt
  383  cd temp 2>> a1.txt
  384  ls temp 2 >> a1.txt
  385  ls temp >> a1.txt
  386  ls /temp
  387  ls temp
  388  ls -l temp >> a1.txt
  389  touch temp/newFile.txt 2>> a1.txt
  390  vim a1.txt 
  391  mkdir temp2
  392  mv temp2 temp3 
  393  cp temp3
  394  ls
  395  cp temp3 temp 
  396  cp temp3 temp 2>> a1.txt 
  397  vim a1.txt
  398  man cp
  399  cp -r temp3 temp 2>> a1.txt
  400  vim a1.txt
  401  cd temp 3
  402  cd temp3
  403  cp -r temp2 ~/a1 2>> a1.txt
  404  cd ~/a1
  405  vim a1.txt
  406  ls
  407  cd temp3
  408  cp -r temp2 ~/a1
  409  ls
  410  cd ~/a1
  411  rm -r temp3
  412  mkdir temp2
  413  mv temp2 temp3
  414  rm -r temp3
  415  mkdir temp2
  416  mv temp2 temp3 2>> a1.txt
  417  vim a1.txt
  418  mv temp3/temp2 .
  419  cd temp3
  420  mv temp2 ~/a1
  421  ls
  422  cd ~/a1
  423  mv temp2 temp3
  424  mkdir temp2
  425  mv temp2 temp3
  426  mv temp3/temp2 .
  427  cp temp2 temp3 2>> a1.txt
  428  ls
  429  cp -r temp2 temp3 2>> a1.txt
  430  ls
  431  vim a1.txt
  432  cp -r ~/a1/temp2 ~/a1/temp3 2>> a1.txt
  433  ls
  434  cat a1.txt
  435  rm -r a1
  436  mkdir a1
  437  cd a1
  438  echo @HOME > a1.txt
  439  id >> a1.txt
  440  cat a1.txt
  441  echo $HOME > a1.txt
  442  id >> a1.txt
  443  cat a1.txt
  444  mkdir temp
  445  chmod -r temp
  446  cd temp 2>> a1.txt
  447  ls temp
  448  ls
  449  ls 2>> ~/a1/a1.txt
  450  ls -l 2>> ~/a1/a1.txt
  451  cd ~/a1
  452  cat a1.txt 
  453  cd temp 2>> a1.txt
  454  cd ~/a1
  455  chmod +r temp
  456  chmod -x temp
  457  cd temp 2>> a1.txt
  458  ls temp
  459  ls -l temp
  460  ls -l temp >> a1.txt 
  461  touch somefile.txt a1/temp
  462  touch somefile.txt temp
  463  mkdir temp2
  464  mv temp2 temp3
  465  cp temp3 .
  466  cp temp3 . 2>> a1.txt 
  467  cp -r temp3 .
  468  cp -r temp3 ~
  469  ls directory/proc/
  470  ls ~/proc/
  471  ls /proc | grep mem 
  472  ls /proc | grep cpu 
  473  ls /proc | grep cpu >> a1.txt 
  474  ls /proc | grep mem >> a1.txt
  475  vim a1.txt 
  476  head /proc/meminfo
  477  head /proc/meminfo >> a1.txt 
  478  head /proc/cpuinfo 
  479  tail /proc/cpuinfo 
  480  cat /proc/cpuinfo 
  481  tail /proc/cpuinfo | grep processor >> a1.txt 
  482  tail /proc/cpuinfo | grep cpu >> a1.txt 
  483  tail /proc/cpuinfo | grep clock >> a1.txt 
  484  vim a1.txt 
  485  ls /etc | grep os
  486  cat /etc/os-release
  487  head -2 /etc/os-release >> a1.txt 
  488  ls -l /etc/os-release >> a1.txt 
  489  vim a1.txt 
  490  history ->cmds.log
  491  history >cmds.log
  492  vim a1.txt 
  493  vim cmds.log
  494  vim a1.txt 
  495  cat a1.txt
  496  vim a1.txt 
  497  ls temp
  498  ls -l temp
  499  touch randomFile.txt temp
  500  ls -l temp
  501  touch someThing.txt ~
  502  ls ~
  503  ls
  504  touch temp/someThing.txt
  505  touch temp/someThing.txt >> a1.txt
  506  vim a1.txt
  507  touch temp/someThing.txt 2>> a1.txt
  508  vim a1.txt
  509  history >> cmds.log
  510  vim cmds.log
  511  tail -1 history >> cmds.log
  512  history | tail -1 >> cmds.log
  513  vim cmds.log
  514  history | tail -10 >> cmds.logc
  515  vim cmds.log
  516  cat a1.txt
  517  cat cmds.log
  518  vim cmds.log
  519  screencapture screen.pdf
  520  cd ~/cs131
  521  mkdir a1
  522  cd ~/a1
  523  ls
  524  cp a1.txt ~/cs131/a1
  525  cp cmds.log ~/cs131/a1
  526  cd ~/cs131
  527  cd a1
  528  ls
  529  cd ~/cs131
  530  git add a1
  531  git commit -m "submit assignment 1"
  532  git push -u origin main
  533  exit
  534  cd cs131/ứ2
  535  ls -a
  536  exit
  537  cd taxidata
  538  less 2019-01.csv
  539  exit
  540  cd taxidata
  541  vi 2019-01.csv 
  542  vi 2019-01.csv exit
  543  exit
  544  cd taxidata
  545  vi 2019-01.csv 
  546  cut -c -15 2019-01.csv 
  547  vi 2019-01.csv 
  548  echo "1.0,"2019-01-01 00:46:40.000000","2019-01-01 00:53:20.000000",1.0,1.5,1.0,N,151.0,239.0,1.0,7.0,0.5,0.5,1.65,0.0,0.3,9.95," | cut -d ',' -f 8
  549  cut -d ',' -f 8 2019-01.csv | uniq | sort > result.txt
  550  cat result.txt 
  551  cut -d ',' -f 8 2019-01.csv | sort -n | uniq -c | sort -nr | head -3 > result.txt
  552  cat result.txt 
  553  cut -d ',' -f 8 2019-02.csv | sort -n | uniq -c | sort -nr | head -3 >> result.txt
  554  cat result.txt 
  555  vim result.txt 
  556  mv result.txt ws3.txt
  557  ls
  558  history > cmds.log
  559  vim cmds.log 
  560  echo "1.0,"2019-01-01 00:46:40.000000","2019-01-01 00:53:20.000000",1.0,1.5,1.0,N,151.0,239.0,1.0,7.0,0.5,0.5,1.65,0.0,0.3,9.95," | cut -d ',' -f 7
  561  mv ws3.txt ~/cs131/ws3
  562  mv cmds.log ~/cs131/ws3
  563  cd ~/cs131/ws3
  564  ls
  565  cd ~/cs131
  566  ls
  567  cd ws3
  568  cd ~/taxidata/
  569  cut -d ',' -f 8 2019-01.csv | sort -n | uniq -c | sort -nr | head -3 > ws3.txt
  570  cut -d ',' -f 8 2019-02.csv | sort -n | uniq -c | sort -nr | head -3 >> ws3.txt
  571  history > cmds.log
  572  vi cmds.log 
  573  vi ws3.txt 
  574  mkdir ~/cs131/ws3
  575  rm ~/cs131/ws3
  576  mkdir ~/cs131/ws3
  577  cd ~/cs131/ws3
  578  cd ..
  579  cd ~/taxidata/
  580  cp ws3.txt ~/cs131/ws3 | cp cmds.log ~/cs131/ws3
  581  cd ~/cs131/ws3
  582  ls
  583  cd ..
  584  git add ws3
  585  git commit -m "submit ws3"
  586  git push -u origin main
  587  exit
  588  cd taxidata
  589  ls -G
  590  exit
  591  echo .bash_profile
  592  vim .bash_profile
  593  source .bash_profile 
  594  ID
  595  id
  596  clear
  597  cd cs131/
  598  mkdir a2
  599  cd a2
  600  cd ....
  601  cd ~
  602  cd a1
  603  cat a1.txt 
  604  cd ~/cs131/ws3
  605  cat cmds.log 
  606  cat ws3.txt 
  607  cd ~/taxidata/
  608  cat 2019-01.csv 
  609  less 2019-01.csv
  610  cat 2019-01.csv clear
  611  clear
  612  cat cmds.log 
  613  cat ws3.txt 
  614  man bc
  615  stat cs131
  616  cd taxidata/
  617  stat 2019-01.csv 
  618  cat > /dev/tty
  619  vi .bashrc
  620  source .bashrc
  621  l
  622  w
  623  ls
  624  vi .bashrc
  625  source .bashrc
  626  l
  627  cd taxidata/
  628  mkdir ws4
  629  script ws4.pdf
  630  cat ws4.pdf
  631  rm ws4.pdf
  632  rm ws4
  633  rm -r ws4
  634  vi
  635  vi .bashrc
  636  rm .bashrc
  637  vim .bashrc
  638  source .bashrc
  639  mkdir ws4
  640  cd ws4
  641  mkdir FARE
  642  cd ~/taxidata
  643  head -30 2019-06.csv
  644  grep "145.0,145.0" 2019-06.csv | cut -d ',' -f 11 > ~/ws4/FARE/145.0-145.0
  645  cd ~/ws4/FARE/145.0-145.0
  646  cat ~/ws4/FARE/145.0-145.0
  647  script ws4.txt
  648  cat ws4.txt
  649  cd ws4/FARE/
  650  man bc
  651  paste -sd+ 145.0-145.0 | bc -l >> 145.0-145.0 
  652  tail 145.0-145.0 
  653  $i=wc 145.0-145.0 
  654  $i=wc -l 145.0-145.0 
  655  i=$(wc -l 145.0-145.0 )
  656  paste -sd+ 145.0-145.0 | sum=$(bc -l) | i=$(wc -l) | sum/i | bc -l  >> 145.0-145.0 
  657  paste -sd+ 145.0-145.0 | sum=$(bc -l) | i=$(wc -l) | $sum/$i | bc -l  >> 145.0-145.0 
  658  paste -sd+ 145.0-145.0 | sum=$(bc -l) | i=$(wc -l) | $sum/$i  >> 145.0-145.0 
  659  paste -sd+ 145.0-145.0 | sum=$(bc -l) | i=$(wc -l) | bc $sum/$i  >> 145.0-145.0 
  660  paste -sd+ 145.0-145.0 | sum=$(bc -l) | i=$(wc -l) | bc -l $sum/$i  >> 145.0-145.0 
  661  paste -sd+ 145.0-145.0 | sum=$(bc -l) | i=$(wc -l) | echo $sum/$i | bc  >> 145.0-145.0 
  662  paste -sd+ 145.0-145.0 | sum=$(bc -l) | i=$(wc -l) | echo "$sum/$i" | bc  >> 145.0-145.0 
  663  paste -sd+ 145.0-145.0 | read sum | i=$(wc -l) | echo "$sum/$i" | bc  >> 145.0-145.0 
  664  i=$(wc -l 145.0-145.0) | paste -sd+ 145.0-145.0 | bc -l | {read sum echo "$sum/$i" | bc-l} 
  665  i=$(wc -l 145.0-145.0) | paste -sd+ 145.0-145.0 | bc -l | {read sum echo "scale=2;$sum/$i" | bc-l} 
  666  i=$(wc -l 145.0-145.0) | sum=$(paste -sd+ 145.0-145.0 | bc) | echo "scale=2; $sum/$i" | bc -l >> 145.0-145.0  
  667  i=$(wc -l 145.0-145.0) | sum=$(paste -sd+ 145.0-145.0 | bc) | echo "scale=2; $sum/$i" | bc -l
  668  i=$(wc -l 145.0-145.0) | sum=$(paste -sd+ 145.0-145.0 | bc) 
  669  echo "scale=2;$sum/$i" | bc -l
  670  echo "$sum/$i" | bc -l
  671  echo "$sum/$i"
  672  echo $i
  673  wc -l 145.0-145.0 
  674  wc 145.0-145.0 
  675  man wc
  676  wc -r 145.0-145.0 
  677  wc -w 145.0-145.0 
  678  wc -l < 145.0-145.0 
  679  i=$(wc -l < 145.0-145.0) | sum=$(paste -sd+ 145.0-145.0 | bc) | echo "scale=2; $sum/$i" | bc -l
  680  i=$(wc -l < 145.0-145.0) | sum=$(paste -sd+ 145.0-145.0 | bc) | echo "$sum/$i" | bc -l
  681  echo $sum
  682  cat 145.0-145.0 
  683  vi 145.0-145.0 
  684  i=$(wc -l < 145.0-145.0) | paste -sd+ 145.0-145.0| bc -l >> 145.0-145.0 | echo "scale=2; $(tail -1 145.0-145.0)/$i" | bc -l
  685  i=$(wc -l < 145.0-145.0) | paste -sd+ 145.0-145.0| bc -l >> 145.0-145.0 
  686  sum=$(tail -1 145.0-145.0)
  687  echo "$sum/$i" | bc
  688  echo "scale=2;$sum/$i" | bc
  689  echo $sum
  690  rm 145.0-145.0 
  691  cd ~/taxidata/
  692  grep "145.0,145.0" | cut -d ',' -f 11 > 145.0-145.0
  693  grep "145.0,145.0" 2019-06.csv | cut -d ',' -f 11 > 145.0-145.0.txt
  694  cp 145.0-145.0.txt ~/ws4/FARE/
  695  cd ~/ws4/FARE/
  696  i=$(wc -l < 145.0-145.0.txt)  
  697  paste -sd+ 145.0-145.0.txt 
  698  sum=$(bc 145.0-145.0.txt) 
  699  echo $sum
  700  tr '+' '\n' 145.0-145.0.txt 
  701  tr '+' '\n' < 145.0-145.0.txt 
  702  tr '+' '\n' < 145.0-145.0.txt > 145.0-145.0.txt 
  703  paste -sd+ 145.0-145.0.txt | bc >>> sum
  704  paste -sd+ 145.0-145.0.txt | bc > sum
  705  echo $sum
  706  echo sum
  707  cat sum
  708  rm 145.0-145.0.txt 
  709  clear
  710  {  }
  711  cd ~/taxidata/
  712  grep "145.0,145.0" 2019-06.csv | cut -d ',' -f 11 > 145.0-145.0.txt
  713  rm 145.0-145.0
  714  cp 145.0-145.0.txt ~/ws4/FARE/
  715  cd ~/ws4/FARE/
  716  cat 145.0-145.0.txt | paste -sd+ | bc -l | { read sum ; }
  717  exit
  718  vim .bashrc
  719  source .bashrc
  720  mkdir ws4
  721  mkdir ws4/FARE
  722  cd ~/taxidata
  723  grep "145.0,145.0" 2019-06.csv | cut -d ',' -f 11 > 145.0-145.0.txt
  724  cp 145.0-145.0.txt ~/ws4/FARE/
  725  cd ~/ws4/FARE/
  726  cat 145.0-145.0.txt | paste -sd+ | bc -l | { read sum; count=$(wc -l < 145.0-145.0.txt); echo "scale=2; $sum / $count" | bc -l; }
  727  cd ~/taxidata
  728  grep "120.0,100.0" 2019-06.csv | cut -d ',' -f 11 > 120.0-100.0.txt
  729  cp 120.0-100.0.txt ~/ws4/FARE/
  730  cd ~/ws4/FARE/
  731  cat 120.0-100.0.txt | paste -sd+ | bc -l | { read sum; count=$(wc -l < 120.0-100.0.txt); echo "scale=2; $sum / $count" | bc -l; }
  732  cat 120.0-100.0.txt 
  733  cd ~/taxidata
  734  vim 2019-06.csv 
  735  grep "141.0,140.0" 2019-06.csv | cut -d ',' -f 11 > 141.0-140.0.txt
  736  vim 141.0-140.0.txt 
  737  vim 2019-06.csv 
  738  cp 141.0-140.0.txt ~/ws4/FARE/
  739  cd ~/ws4/FARE/
  740  cat 141.0-140.0.txt | paste -sd+ | bc -l | { read sum; count=$(wc -l < 141.0-140.0.txt); echo "scale=2; $sum / $count" | bc -l; }
  741  cat 145.0-145.0.txt | paste -sd+ | bc -l | { read sum; count=$(wc -l < 145.0-145.0.txt); echo "scale=2; $sum / $count" | bc -l; } > ws4.txt
  742  cat 141.0-140.0.txt | paste -sd+ | bc -l | { read sum; count=$(wc -l < 141.0-140.0.txt); echo "scale=2; $sum / $count" | bc -l; } >> ws4.txt 
  743  history > cmds.log
  744  cat cmds.log 
  745  mkdir ws4
  746  mkdir ws4/FARE
  747  cd ~/taxidata
  748  grep "141.0,140.0" 2019-06.csv | cut -d ',' -f 11 > 141.0-140.0.txt
  749  grep "145.0,145.0" 2019-06.csv | cut -d ',' -f 11 > 145.0-145.0.txt
  750  ls
  751  cp 145.0-145.0.txt ~/ws4/FARE/
  752  cp 141.0-140.0.txt ~/ws4/FARE/
  753  cd ~/ws4/FARE/
  754  cat 145.0-145.0.txt | paste -sd+ | bc -l | { read sum; count=$(wc -l < 145.0-145.0.txt); echo "scale=2; $sum / $count" | bc -l; } > ws4.txt
  755  cat 141.0-140.0.txt | paste -sd+ | bc -l | { read sum; count=$(wc -l < 141.0-140.0.txt); echo "scale=2; $sum / $count" | bc -l; } >> ws4.txt
  756  history > cmds.log
  757  vim .bashrc
  758  source .bashrc
  759  mkdir ws4
  760  mkdir ws4/FARE
  761  vim .bashrc
  762  l
  763  w
  764  cd taxidata
  765  grep "145.0,145.0" 2019-06.csv | cut -d ',' -f 11 > 145.0-145.0.txt
  766  grep "141.0,140.0" 2019-06.csv | cut -d ',' -f 11 > 141.0-140.0.txt
  767  cp 145.0-145.0.txt ~/ws4/FARE/
  768  cp 141.0-140.0.txt ~/ws4/FARE/
  769  cd ~/ws4/FARE/
  770  cat 141.0-140.0.txt | paste -sd+ | bc -l | { read sum; count=$(wc -l < 141.0-140.0.txt); echo "scale=2; $sum / $count" | bc -l; } > ws4.txt
  771  cat 145.0-145.0.txt | paste -sd+ | bc -l | { read sum; count=$(wc -l < 145.0-145.0.txt); echo "scale=2; $sum / $count" | bc -l; } >> ws4.txt
  772  history > cmds.log
  773  clear
  774  script ws4capture.txt
  775  rm ws4capture.txt 
  776  clear
  777  script ws4capture.txt
  778  vim cmds.log 
  779  cat ws4capture.txt 
  780  :q
  781  script ws4capture.txt 
  782  cat ws4capture.txt 
  783  l
  784  rm .bash_profile 
  785  source .bashrc
  786  l
  787  clear
  788  rm -r ws4
  789  rm ws4capture.txt 
  790  script ws4capture.txt
  791  cd ws4/FARE/
  792  vi cmds.log 
  793  vi ws4.txt 
  794  ls
  795  l
  796  l -G
  797  cd ~
  798  cp ws4capture.txt ws4/FARE/
  799  cp ws4 cs131
  800  mv ws4 cs131/
  801  cd cs131/
  802  l
  803  git add ws4
  804  git commit -m "submit ws4"
  805  git push -u origin main
  806  cd taxidata/
  807  grep "2019-05-11" 2019-05.csv | cut -d ',' -f 17 > 2019-05-11.txt
  808  paste -sd+ 2019-05-11.txt| bc -l | { read sum ; count=$(wc -l < 2019-05-11.txt| bc); echo "scale=2;$sum/$count" | bc } > a2.txt;  }
  809  cd taxidata/
  810  vi 2019-05.csv 
  811  cd taxidata/
  812  cat 2019-05-11.txt | paste -sd+ | bc -l | { read sum ; count=$(wc -l < 2019-05-11.txt| bc); echo "scale=2;$sum/$count" | bc -l} > a2.txt; }
  813  cd taxidata/
  814  grep "2019-05-11" 2019-05.csv | cut -d ',' -f 17 | paste -sd+ | bc -l | { read sum ; count=$(wc -l | bc); echo "scale=2;$sum/$count" | bc } > a2.txt;  }
  815  grep "2019-05-11" 2019-05.csv | cut -d ',' -f 17 | paste -sd+ | bc -l | { read sum ; count=$(wc -l | bc); echo "
  816  cd taxidata/
  817  scp 2019-05.csv /Downloads
  818  scp 2019-05.csv /Users/eddie/Downloads
  819  cat 2019-05-11.txt | paste -sd+ | bc -l | { read sum ; count=$(wc -l < 2019-05-11.txt| bc -l); echo "scale=2;$sum/$count" | bc -l} > a2.txt; }
  820  cat 2019-05-11.txt | paste -sd+ | bc -l | { read sum ; count=$(wc -l < 2019-05-11.txt| bc -l); echo "scale=2;$sum/$count" | bc -l; } > a2.txt; }
  821  cat 2019-05-11.txt | paste -sd+ | bc -l | { read sum ; count=$(wc -l < 2019-05-11.txt| bc -l); echo "scale=2;$sum/$count" | bc -l; } > a2.txt
  822  cat a2.txt 
  823  cat 2019-05-11.txt | sort -r | head -1 >> a2.txt 
  824  cat 2019-05-11.txt | sort -nr | head -1 >> a2.txt 
  825  cat a2.txt 
  826  vim 2019-05.csv 
  827  cd taxidata/
  828  vim 2019-05.csv 
  829  cd taxidata/
  830  g
  831  cat a2.txt 
  832  cp taxidata.tar.gz cs131/
  833  cd cs131
  834  git add taxidata.tar.gz 
  835  git commit -m "add taxi dataset"
  836  git push -u origin main
  837  git reset
  838  cd ~
  839  cd taxidata/
  840  cat a2.txt 
  841  vim a2.txt 
  842  echo " 173856 239.0" | cut -f 2
  843  echo " 173856 239.0" | cut -d ' ' -f 2
  844  echo " 173856 239.0" | cut -d ' ' -f 3
  845  cut -d ',' -f 8 2019-05.csv | sort -n | uniq -c | sort -nr | head -1 | max=$(cut -d ' ' -f 3) | grep "^[^,]*,[^,]*,[^,]*,[^,]*,[^,]*,[^,]*,[^,]*,[$max]" | cut -d ',' -f 9 | sort -n | uniq -c | sort -nr | head -1 >> a2.txt
  846  cat a2.txt 
  847  cut -d ',' -f 8 2019-05.csv | sort -n | uniq -c | sort -nr | head -1 | max=$(cut -d ' ' -f 3) | grep "^[^,]*,[^,]*,[^,]*,[^,]*,[^,]*,[^,]*,[^,]*,$max" | cut -d ',' -f 9 | sort -n | uniq -c | sort -nr | head -1 >> a2.txt
  848  cat a2.txt 
  849  cut -d ',' -f 8 2019-05.csv | sort -n | uniq -c | sort -nr | head -1 | max=$(cut -d ' ' -f 3) | echo $max
  850  cut -d ',' -f 8 2019-05.csv | sort -n | uniq -c | sort -nr | head -1 
  851  echo " 347992 237.0" | cut -d ' ' -f 3
  852  echo " 347992 237.0" | cut -d ' ' -f 2
  853  cut -d ',' -f 8 2019-05.csv | sort -n | uniq -c | sort -nr | head -1 | cut -d ' ' -f 3 | read max 
  854  cut -d ',' -f 8 2019-05.csv | sort -n | uniq -c | sort -nr | head -1 | max
  855  cat test.txt 
  856  cut -d ',' -f 8 2019-05.csv | sort -n | uniq -c | sort -nr | head -1 | cut -d ' ' -f 3 | read max | echo $max
  857  cut -d ',' -f 8 2019-05.csv | sort -n | uniq -c | sort -nr | head -1 | cut -d ' ' -f 3
  858  cut -d ',' -f 8 2019-05.csv | sort -n | uniq -c | sort -nr | max=$(head -1 | cut -d ' ' -f 3) | echo $max
  859  a=1
  860  echo $a
  861  max=$(cut -d ',' -f 8 2019-05.csv | sort -n | uniq -c | sort -nr | head -1 | cut -d ' ' -f 3) | echo $max
  862  max=$(cut -d ',' -f 8 2019-05.csv | sort -n | uniq -c | sort -nr | head -1 | cut -d ' ' -f 3) echo $max
  863  { max=$(cut -d ',' -f 8 2019-05.csv | sort -n | uniq -c | sort -nr | head -1 | cut -d ' ' -f 3) echo $max; echo $max; }
  864  grep "^[^,]*,[^,]*,[^,]*,[^,]*,[^,]*,[^,]*,[^,]*,$(cut -d ',' -f 8 2019-05.csv | sort -n | uniq -c | sort -nr | head -1 | cut -d ' ' -f 3)" 2019-05.csv | cut -d ',' -f 9 | sort -n | uniq -c | sort -nr | head -1  
  865  grep "^[^,]*,[^,]*,[^,]*,[^,]*,[^,]*,[^,]*,[^,]*,$(cut -d ',' -f 8 2019-05.csv | sort -n | uniq -c | sort -nr | head -1 | cut -d ' ' -f 3)" 2019-05.csv | cut -d ',' -f 9 | sort -n | uniq -c | sort -nr | head -1  >> a2.txt 
  866  cp taxidata.tar.gz cs131/
  867  cd cs131
  868  git add taxidata.tar.gz 
  869  git commit -m "add taxi dataset"
  870  git push -u origin main
  871  git reset
  872  cd ~
  873  cd taxidata/
  874  cat a2.txt 
  875  vim a2.txt 
  876  echo " 173856 239.0" | cut -f 2
  877  echo " 173856 239.0" | cut -d ' ' -f 2
  878  echo " 173856 239.0" | cut -d ' ' -f 3
  879  cut -d ',' -f 8 2019-05.csv | sort -n | uniq -c | sort -nr | head -1 | max=$(cut -d ' ' -f 3) | grep "^[^,]*,[^,]*,[^,]*,[^,]*,[^,]*,[^,]*,[^,]*,[$max]" | cut -d ',' -f 9 | sort -n | uniq -c | sort -nr | head -1 >> a2.txt
  880  cat a2.txt 
  881  cut -d ',' -f 8 2019-05.csv | sort -n | uniq -c | sort -nr | head -1 | max=$(cut -d ' ' -f 3) | grep "^[^,]*,[^,]*,[^,]*,[^,]*,[^,]*,[^,]*,[^,]*,$max" | cut -d ',' -f 9 | sort -n | uniq -c | sort -nr | head -1 >> a2.txt
  882  cat a2.txt 
  883  cut -d ',' -f 8 2019-05.csv | sort -n | uniq -c | sort -nr | head -1 | max=$(cut -d ' ' -f 3) | echo $max
  884  cut -d ',' -f 8 2019-05.csv | sort -n | uniq -c | sort -nr | head -1 
  885  echo " 347992 237.0" | cut -d ' ' -f 3
  886  echo " 347992 237.0" | cut -d ' ' -f 2
  887  cut -d ',' -f 8 2019-05.csv | sort -n | uniq -c | sort -nr | head -1 | cut -d ' ' -f 3 | read max 
  888  cut -d ',' -f 8 2019-05.csv | sort -n | uniq -c | sort -nr | head -1 | max
  889  cat test.txt 
  890  cut -d ',' -f 8 2019-05.csv | sort -n | uniq -c | sort -nr | head -1 | cut -d ' ' -f 3 | read max | echo $max
  891  cut -d ',' -f 8 2019-05.csv | sort -n | uniq -c | sort -nr | head -1 | cut -d ' ' -f 3
  892  cut -d ',' -f 8 2019-05.csv | sort -n | uniq -c | sort -nr | max=$(head -1 | cut -d ' ' -f 3) | echo $max
  893  a=1
  894  echo $a
  895  max=$(cut -d ',' -f 8 2019-05.csv | sort -n | uniq -c | sort -nr | head -1 | cut -d ' ' -f 3) | echo $max
  896  max=$(cut -d ',' -f 8 2019-05.csv | sort -n | uniq -c | sort -nr | head -1 | cut -d ' ' -f 3) echo $max
  897  { max=$(cut -d ',' -f 8 2019-05.csv | sort -n | uniq -c | sort -nr | head -1 | cut -d ' ' -f 3) echo $max; echo $max; }
  898  grep "^[^,]*,[^,]*,[^,]*,[^,]*,[^,]*,[^,]*,[^,]*,$(cut -d ',' -f 8 2019-05.csv | sort -n | uniq -c | sort -nr | head -1 | cut -d ' ' -f 3)" 2019-05.csv | cut -d ',' -f 9 | sort -n | uniq -c | sort -nr | head -1  
  899  grep "^[^,]*,[^,]*,[^,]*,[^,]*,[^,]*,[^,]*,[^,]*,$(cut -d ',' -f 8 2019-05.csv | sort -n | uniq -c | sort -nr | head -1 | cut -d ' ' -f 3)" 2019-05.csv | cut -d ',' -f 9 | sort -n | uniq -c | sort -nr | head -1  >> a2.txt 
  900  grep "^[^,]*,[^,]*,[^,]*,[^,]*,[^,]*,[^,]*,[^,]*,$(cut -d ',' -f 8 2019-05.csv | sort -n | uniq -c | sort -nr | head -1 | tee -a a2.txt | cut -d ' ' -f 3)" 2019-05.csv | cut -d ',' -f 9 | sort -n | uniq -c | sort -nr | head -1  >> a2.txt 
  901  cat a2.txt 
  902  vim a2.txt 
  903  { ls ; }
  904  { for f in *.csv; do current_max=$(cut -d ',' -f 8 f | sort -n | uniq -c | sort -nr | head -1) ; if ( $(echo "$current_max > $max_value" | bc -l) ); then max_value=$current_max; fi done; echo $current_max ; }
  905  echo $(*.csv)
  906  ls *.csv
  907  v
  908  cat *.csv | cut -d ',' -f 8 | sort -n | uniq -c | sort -nr | head -1 
  909  { max=-111111; }
  910  { cur_max = -999 cat *.csv | cut -d ',' -f 8 | sort -n | uniq -c | sort -nr | head -1; }
  911  { max=-111111; for f in *.csv; do cur_max=$(cat "$f" | cut -d ',' -f 8 | sort -n | uniq -c | sort -nr | head -1)
  912  cat *.csv | cut -d ',' -f 8 | sort -n | uniq -c | sort -nr | head -1 >> a2.txt 
  913  vim a2.txt 
  914  history > cmds.log
  915  vim cmds.log 
  916  exit
  917  kill %2
  918  kill %1
  919  exit
  920  cd cs131/ws4
  921  l
  922  ls
  923  cd FARE/
  924  cat cmds.log 
  925  cd cs131/ws4/FARE/
  926  cat 141.0-140.0.txt 
  927  less 141.0-140.0.txt 
  928  cd cs131/
  929  l
  930  ls
  931  cd a2
  932  ls
  933  cd ~/taxidata
  934  ls
  935  cp a2.txt ~/cs131/a2/
  936  cp cmds.log  ~/cs131/a2/
  937  cd ~/cs131/a2/
  938  cd ..
  939  git add a2
  940  git commit -m "submit a2"
  941  git push -u origin main
  942  ls
  943  rm taxidata.tar.gz 
  944  git commit -m "submit a2"
  945  git push -u origin main
  946  git diff --stat --cached main
  947  ls
  948  git reset
  949  git commit -m "submit a2"
  950  git push -u origin main
  951  git rm taxidata.tar.gz
  952  git push -u origin main
  953  git checkout -- taxidata.tar.gz
  954  git reset
  955  cp a2 ~
  956  cp -r a2 ~
  957  cd ..
  958  rm -r cs131
  959  y
  960  clear
  961  git clone https://github.com/EddieNguyen2012/cs131.git
  962  mv a2 cs131
  963  cd cs131
  964  git add a2
  965  git commit -m "submit a2"
  966  git push -u origin main
  967  git clone https://github.com/EddieNguyen2012/cs131.git
  968  exit
  969  cd cs131/
  970  cd taxidata/
  971  ls
  972  ls -l
  973  du -sch
  974  cd ~
  975  ls
  976  ls -l
  977  du -sch taxidata.tar.gz 
  978  git lfs --version
  979  git --help
  980  cd cs131/
  981  git reset
  982  ps
  983  ls -a
  984  cd .git/
  985  ls
  986  cat index.lock 
  987  rm -f index.lock
  988  cd ~/cs`
  989  cd ~/cs131/
  990  git reset
  991  cd ~/taxidata/
  992  cat cmds.log 
  993  history > cmds.log 
  994  less cmds.log 
  995  rm cmds.log 
  996  history > cmds.log 
